\BOOKMARK [0][-]{chapter.1}{Tables}{}% 1
\BOOKMARK [1][-]{section.1.1}{Dummy section}{chapter.1}% 2
\BOOKMARK [2][-]{subsection.1.1.1}{Dummy subsection}{section.1.1}% 3
\BOOKMARK [2][-]{subsection.1.1.2}{Second subsection}{section.1.1}% 4
\BOOKMARK [1][-]{section.1.2}{Second section}{chapter.1}% 5
\BOOKMARK [2][-]{subsection.1.2.1}{Dummy subsection}{section.1.2}% 6
\BOOKMARK [2][-]{subsection.1.2.2}{Second subsection}{section.1.2}% 7
\BOOKMARK [0][-]{chapter.2}{Math}{}% 8
\BOOKMARK [1][-]{section.2.1}{Quadratic}{chapter.2}% 9
\BOOKMARK [2][-]{subsection.2.1.1}{Que.3 Solve the equation 5x2 - 2x + 1 = 0 . }{section.2.1}% 10
\BOOKMARK [1][-]{section.2.2}{Progression}{chapter.2}% 11
\BOOKMARK [2][-]{subsection.2.2.1}{Summation of n2 }{section.2.2}% 12
\BOOKMARK [1][-]{section.2.3}{Matrix}{chapter.2}% 13
\BOOKMARK [2][-]{subsection.2.3.1}{Multiplication of Matrix}{section.2.3}% 14
\BOOKMARK [1][-]{section.2.4}{Calculas}{chapter.2}% 15
\BOOKMARK [2][-]{subsection.2.4.1}{Integration Problem}{section.2.4}% 16
\BOOKMARK [1][-]{section.2.5}{Binomial}{chapter.2}% 17
\BOOKMARK [0][-]{chapter.3}{Algorithm}{}% 18
\BOOKMARK [1][-]{section.3.1}{Sorting}{chapter.3}% 19
\BOOKMARK [2][-]{subsection.3.1.1}{Bubble sort}{section.3.1}% 20
\BOOKMARK [0][-]{chapter.4}{References}{}% 21
